2022.06.22 17:15:30 INFO  tracing is disabled for protocol LSP, to enable tracing of incoming and outgoing JSON messages create an empty file at c:\Users\moham\Desktop\objcppcs\Scala_EPFDL\ScalaReactiveProgramming\protocols\.metals\lsp.trace.json or C:\Users\moham\AppData\Local\scalameta\metals\cache\lsp.trace.json
2022.06.22 17:15:31 INFO  logging to file C:\Users\moham\Desktop\objcppcs\Scala_EPFDL\ScalaReactiveProgramming\protocols\.metals\metals.log
2022.06.22 17:15:31 INFO  Started: Metals version 0.11.6 in workspace 'C:\Users\moham\Desktop\objcppcs\Scala_EPFDL\ScalaReactiveProgramming\protocols' for client Visual Studio Code 1.66.2.
2022.06.22 17:15:32 INFO  time: initialize in 1.2s
2022.06.22 17:15:33 WARN  Flyway upgrade recommended: H2 2.1.212 is newer than this version of Flyway and support has not been tested. The latest supported version of H2 is 2.1.210.
2022.06.22 17:15:33 WARN  Build server is not auto-connectable.
2022.06.22 17:15:33 WARN  no build tool detected in workspace 'C:\Users\moham\Desktop\objcppcs\Scala_EPFDL\ScalaReactiveProgramming\protocols'. The most common cause for this problem is that the editor was opened in the wrong working directory, for example if you use sbt then the workspace directory should contain build.sbt. 
2022.06.22 17:15:36 WARN  no build target for: C:\Users\moham\Desktop\objcppcs\Scala_EPFDL\ScalaReactiveProgramming\protocols\protocols\src\main\scala\protocols\Transactor.scala
2022.06.22 17:15:36 WARN  no build target for: C:\Users\moham\Desktop\objcppcs\Scala_EPFDL\ScalaReactiveProgramming\protocols\protocols\src\main\scala\protocols\SelectiveReceive.scala
2022.06.22 17:15:40 INFO  no build target found for C:\Users\moham\Desktop\objcppcs\Scala_EPFDL\ScalaReactiveProgramming\protocols\protocols\src\main\scala\protocols\Transactor.scala. Using presentation compiler with project's scala-library version: 3.1.2
2022.06.22 17:15:44 INFO  time: code lens generation in 6.39s
2022.06.22 17:15:44 INFO  time: code lens generation in 6.67s
2022.06.23 18:52:57 WARN  no build target for: C:\Users\moham\Desktop\objcppcs\Scala_EPFDL\ScalaReactiveProgramming\protocols\protocols\src\test\scala\protocols\ProtocolsSuite.scala
2022.06.23 18:52:59 WARN  no build target for: C:\Users\moham\Desktop\objcppcs\Scala_EPFDL\ScalaReactiveProgramming\protocols\protocols\src\test\scala\protocols\SelectiveReceiveSpec.scala
2022.06.23 18:53:07 WARN  no build target for: C:\Users\moham\Desktop\objcppcs\Scala_EPFDL\ScalaReactiveProgramming\protocols\protocols\src\test\scala\protocols\TransactorSpec.scala
Jun 23, 2022 6:53:31 PM org.eclipse.lsp4j.jsonrpc.services.GenericEndpoint notify
INFO: Unsupported notification method: $/setTrace
2022.06.24 13:48:22 WARN  no build target for: C:\Users\moham\Desktop\objcppcs\Scala_EPFDL\ScalaReactiveProgramming\protocols\protocols\src\main\scala\protocols\SelectiveReceive.scala
Jun 24, 2022 2:59:52 PM org.eclipse.lsp4j.jsonrpc.RemoteEndpoint handleCancellation
WARNING: Unmatched cancel notification for request id 1419
2022.06.24 15:09:05 WARN  no build target for: C:\Users\moham\Desktop\objcppcs\Scala_EPFDL\ScalaReactiveProgramming\protocols\protocols\src\main\scala\protocols\SelectiveReceive.scala
2022.06.24 16:03:18 WARN  no build target for: C:\Users\moham\Desktop\objcppcs\Scala_EPFDL\ScalaReactiveProgramming\protocols\protocols\src\main\scala\protocols\SelectiveReceive.scala
2022.06.24 16:04:05 WARN  no build target for: C:\Users\moham\Desktop\objcppcs\Scala_EPFDL\ScalaReactiveProgramming\protocols\protocols\src\test\scala\protocols\ProtocolsSuite.scala
2022.06.24 16:05:40 WARN  no build target for: C:\Users\moham\Desktop\objcppcs\Scala_EPFDL\ScalaReactiveProgramming\protocols\protocols\src\main\scala\protocols\SelectiveReceive.scala
2022.06.24 16:06:53 WARN  no build target for: C:\Users\moham\Desktop\objcppcs\Scala_EPFDL\ScalaReactiveProgramming\protocols\protocols\src\main\scala\protocols\SelectiveReceive.scala
2022.06.24 16:09:47 WARN  no build target for: C:\Users\moham\Desktop\objcppcs\Scala_EPFDL\ScalaReactiveProgramming\protocols\protocols\src\main\scala\protocols\SelectiveReceive.scala
2022.06.24 16:10:33 WARN  no build target for: C:\Users\moham\Desktop\objcppcs\Scala_EPFDL\ScalaReactiveProgramming\protocols\protocols\src\main\scala\protocols\SelectiveReceive.scala
2022.06.24 16:11:45 WARN  no build target for: C:\Users\moham\Desktop\objcppcs\Scala_EPFDL\ScalaReactiveProgramming\protocols\protocols\src\main\scala\protocols\SelectiveReceive.scala
2022.06.24 16:13:03 WARN  no build target for: C:\Users\moham\Desktop\objcppcs\Scala_EPFDL\ScalaReactiveProgramming\protocols\protocols\src\main\scala\protocols\SelectiveReceive.scala
2022.06.24 16:15:04 WARN  no build target for: C:\Users\moham\Desktop\objcppcs\Scala_EPFDL\ScalaReactiveProgramming\protocols\protocols\src\main\scala\protocols\SelectiveReceive.scala
2022.06.24 16:17:15 WARN  no build target for: C:\Users\moham\Desktop\objcppcs\Scala_EPFDL\ScalaReactiveProgramming\protocols\protocols\src\main\scala\protocols\SelectiveReceive.scala
2022.06.24 16:18:14 WARN  no build target for: C:\Users\moham\Desktop\objcppcs\Scala_EPFDL\ScalaReactiveProgramming\protocols\protocols\src\test\scala\protocols\SelectiveReceiveSpec.scala
2022.06.24 16:18:21 WARN  no build target for: C:\Users\moham\Desktop\objcppcs\Scala_EPFDL\ScalaReactiveProgramming\protocols\protocols\src\test\scala\protocols\SelectiveReceiveSpec.scala
2022.06.24 16:19:32 WARN  no build target for: C:\Users\moham\Desktop\objcppcs\Scala_EPFDL\ScalaReactiveProgramming\protocols\protocols\src\main\scala\protocols\SelectiveReceive.scala
2022.06.24 16:39:56 WARN  no build target for: C:\Users\moham\Desktop\objcppcs\Scala_EPFDL\ScalaReactiveProgramming\protocols\protocols\build.sbt
2022.06.24 16:42:39 WARN  no build target for: C:\Users\moham\Desktop\objcppcs\Scala_EPFDL\ScalaReactiveProgramming\protocols\protocols\build.sbt
2022.06.24 16:55:34 WARN  no build target for: C:\Users\moham\Desktop\objcppcs\Scala_EPFDL\ScalaReactiveProgramming\protocols\protocols\src\test\scala\protocols\SelectiveReceiveSpec.scala
2022.06.24 16:56:59 WARN  no build target for: C:\Users\moham\Desktop\objcppcs\Scala_EPFDL\ScalaReactiveProgramming\protocols\protocols\src\main\scala\protocols\SelectiveReceive.scala
2022.06.24 16:57:04 WARN  no build target for: C:\Users\moham\Desktop\objcppcs\Scala_EPFDL\ScalaReactiveProgramming\protocols\protocols\src\test\scala\protocols\SelectiveReceiveSpec.scala
2022.06.24 17:01:39 WARN  no build target for: C:\Users\moham\Desktop\objcppcs\Scala_EPFDL\ScalaReactiveProgramming\protocols\protocols\src\test\scala\protocols\SelectiveReceiveSpec.scala
2022.06.24 17:17:36 WARN  no build target for: C:\Users\moham\Desktop\objcppcs\Scala_EPFDL\ScalaReactiveProgramming\protocols\protocols\src\test\scala\protocols\SelectiveReceiveSpec.scala
2022.06.24 17:30:37 WARN  no build target for: C:\Users\moham\Desktop\objcppcs\Scala_EPFDL\ScalaReactiveProgramming\protocols\protocols\src\test\scala\protocols\SelectiveReceiveSpec.scala
2022.06.24 17:59:28 WARN  no build target for: C:\Users\moham\Desktop\objcppcs\Scala_EPFDL\ScalaReactiveProgramming\protocols\protocols\src\test\scala\protocols\SelectiveReceiveSpec.scala
2022.06.24 17:59:48 WARN  no build target for: C:\Users\moham\Desktop\objcppcs\Scala_EPFDL\ScalaReactiveProgramming\protocols\protocols\src\test\scala\protocols\SelectiveReceiveSpec.scala
2022.06.24 18:15:05 WARN  no build target for: C:\Users\moham\Desktop\objcppcs\Scala_EPFDL\ScalaReactiveProgramming\protocols\protocols\src\test\scala\protocols\SelectiveReceiveSpec.scala
2022.06.24 18:15:10 WARN  no build target for: C:\Users\moham\Desktop\objcppcs\Scala_EPFDL\ScalaReactiveProgramming\protocols\protocols\src\test\scala\protocols\SelectiveReceiveSpec.scala
2022.06.24 18:15:47 WARN  no build target for: C:\Users\moham\Desktop\objcppcs\Scala_EPFDL\ScalaReactiveProgramming\protocols\protocols\src\test\scala\protocols\SelectiveReceiveSpec.scala
2022.06.24 18:25:16 WARN  no build target for: C:\Users\moham\Desktop\objcppcs\Scala_EPFDL\ScalaReactiveProgramming\protocols\protocols\src\test\scala\protocols\SelectiveReceiveSpec.scala
2022.06.24 18:32:07 WARN  no build target for: C:\Users\moham\Desktop\objcppcs\Scala_EPFDL\ScalaReactiveProgramming\protocols\protocols\src\main\scala\protocols\SelectiveReceive.scala
2022.06.24 18:32:42 WARN  no build target for: C:\Users\moham\Desktop\objcppcs\Scala_EPFDL\ScalaReactiveProgramming\protocols\protocols\src\test\scala\protocols\SelectiveReceiveSpec.scala
2022.06.24 18:39:13 WARN  no build target for: C:\Users\moham\Desktop\objcppcs\Scala_EPFDL\ScalaReactiveProgramming\protocols\protocols\src\test\scala\protocols\SelectiveReceiveSpec.scala
2022.06.24 18:39:29 WARN  no build target for: C:\Users\moham\Desktop\objcppcs\Scala_EPFDL\ScalaReactiveProgramming\protocols\protocols\src\main\scala\protocols\SelectiveReceive.scala
2022.06.25 14:11:50 WARN  no build target for: C:\Users\moham\Desktop\objcppcs\Scala_EPFDL\ScalaReactiveProgramming\protocols\protocols\src\test\scala\protocols\TransactorSpec.scala
Jun 25, 2022 2:11:51 PM org.eclipse.lsp4j.jsonrpc.RemoteEndpoint fallbackResponseError
SEVERE: Internal error: scala.meta.internal.metals.debug.BuildTargetNotFoundForPathException: No build target could be found for the path: C:\Users\moham\Desktop\objcppcs\Scala_EPFDL\ScalaReactiveProgramming\protocols\protocols\src\test\scala\protocols\TransactorSpec.scala
java.util.concurrent.CompletionException: scala.meta.internal.metals.debug.BuildTargetNotFoundForPathException: No build target could be found for the path: C:\Users\moham\Desktop\objcppcs\Scala_EPFDL\ScalaReactiveProgramming\protocols\protocols\src\test\scala\protocols\TransactorSpec.scala
	at java.base/java.util.concurrent.CompletableFuture.encodeThrowable(CompletableFuture.java:332)
	at java.base/java.util.concurrent.CompletableFuture.uniAcceptNow(CompletableFuture.java:747)
	at java.base/java.util.concurrent.CompletableFuture.uniAcceptStage(CompletableFuture.java:735)
	at java.base/java.util.concurrent.CompletableFuture.thenAcceptAsync(CompletableFuture.java:2186)
	at scala.concurrent.java8.FuturesConvertersImpl$CF.thenAccept(FutureConvertersImpl.scala:37)
	at org.eclipse.lsp4j.jsonrpc.RemoteEndpoint.handleRequest(RemoteEndpoint.java:279)
	at org.eclipse.lsp4j.jsonrpc.RemoteEndpoint.consume(RemoteEndpoint.java:190)
	at org.eclipse.lsp4j.jsonrpc.json.StreamMessageProducer.handleMessage(StreamMessageProducer.java:194)
	at org.eclipse.lsp4j.jsonrpc.json.StreamMessageProducer.listen(StreamMessageProducer.java:94)
	at org.eclipse.lsp4j.jsonrpc.json.ConcurrentMessageProcessor.run(ConcurrentMessageProcessor.java:113)
	at java.base/java.util.concurrent.Executors$RunnableAdapter.call(Executors.java:539)
	at java.base/java.util.concurrent.FutureTask.run(FutureTask.java:264)
	at java.base/java.util.concurrent.ThreadPoolExecutor.runWorker(ThreadPoolExecutor.java:1136)
	at java.base/java.util.concurrent.ThreadPoolExecutor$Worker.run(ThreadPoolExecutor.java:635)
	at java.base/java.lang.Thread.run(Thread.java:833)
Caused by: scala.meta.internal.metals.debug.BuildTargetNotFoundForPathException: No build target could be found for the path: C:\Users\moham\Desktop\objcppcs\Scala_EPFDL\ScalaReactiveProgramming\protocols\protocols\src\test\scala\protocols\TransactorSpec.scala
	at scala.meta.internal.metals.debug.DebugProvider.debugDiscovery(DebugProvider.scala:398)
	at scala.meta.internal.metals.MetalsLanguageServer.executeCommand(MetalsLanguageServer.scala:1863)
	at java.base/jdk.internal.reflect.NativeMethodAccessorImpl.invoke0(Native Method)
	at java.base/jdk.internal.reflect.NativeMethodAccessorImpl.invoke(NativeMethodAccessorImpl.java:77)
	at java.base/jdk.internal.reflect.DelegatingMethodAccessorImpl.invoke(DelegatingMethodAccessorImpl.java:43)
	at java.base/java.lang.reflect.Method.invoke(Method.java:568)
	at org.eclipse.lsp4j.jsonrpc.services.GenericEndpoint.lambda$null$0(GenericEndpoint.java:65)
	at org.eclipse.lsp4j.jsonrpc.services.GenericEndpoint.request(GenericEndpoint.java:120)
	at org.eclipse.lsp4j.jsonrpc.RemoteEndpoint.handleRequest(RemoteEndpoint.java:261)
	... 9 more

Jun 25, 2022 2:13:13 PM org.eclipse.lsp4j.jsonrpc.RemoteEndpoint handleCancellation
WARNING: Unmatched cancel notification for request id 4308
2022.06.25 18:33:47 WARN  no build target for: C:\Users\moham\Desktop\objcppcs\Scala_EPFDL\ScalaReactiveProgramming\protocols\protocols\src\main\scala\protocols\Transactor.scala
2022.06.25 18:34:42 WARN  no build target for: C:\Users\moham\Desktop\objcppcs\Scala_EPFDL\ScalaReactiveProgramming\protocols\protocols\src\main\scala\protocols\Transactor.scala
2022.06.25 18:36:55 WARN  no build target for: C:\Users\moham\Desktop\objcppcs\Scala_EPFDL\ScalaReactiveProgramming\protocols\protocols\src\main\scala\protocols\Transactor.scala
2022.06.25 18:37:31 WARN  no build target for: C:\Users\moham\Desktop\objcppcs\Scala_EPFDL\ScalaReactiveProgramming\protocols\protocols\src\main\scala\protocols\Transactor.scala
2022.06.25 18:39:39 WARN  no build target for: C:\Users\moham\Desktop\objcppcs\Scala_EPFDL\ScalaReactiveProgramming\protocols\protocols\src\main\scala\protocols\Transactor.scala
2022.06.25 18:42:06 WARN  no build target for: C:\Users\moham\Desktop\objcppcs\Scala_EPFDL\ScalaReactiveProgramming\protocols\protocols\src\main\scala\protocols\Transactor.scala
2022.06.25 18:43:01 WARN  no build target for: C:\Users\moham\Desktop\objcppcs\Scala_EPFDL\ScalaReactiveProgramming\protocols\protocols\src\main\scala\protocols\Transactor.scala
2022.06.26 13:06:03 WARN  no build target for: C:\Users\moham\Desktop\objcppcs\Scala_EPFDL\ScalaReactiveProgramming\protocols\protocols\src\main\scala\protocols\Transactor.scala
2022.06.26 13:12:21 WARN  no build target for: C:\Users\moham\Desktop\objcppcs\Scala_EPFDL\ScalaReactiveProgramming\protocols\protocols\src\test\scala\protocols\TransactorSpec.scala
2022.06.26 13:12:30 WARN  no build target for: C:\Users\moham\Desktop\objcppcs\Scala_EPFDL\ScalaReactiveProgramming\protocols\protocols\src\test\scala\protocols\ProtocolsSuite.scala
Jun 26, 2022 1:32:23 PM org.eclipse.lsp4j.jsonrpc.RemoteEndpoint handleCancellation
WARNING: Unmatched cancel notification for request id 8658
2022.06.26 13:33:40 WARN  no build target for: C:\Users\moham\Desktop\objcppcs\Scala_EPFDL\ScalaReactiveProgramming\protocols\protocols\src\test\scala\protocols\TransactorSpec.scala
2022.06.26 13:34:18 WARN  no build target for: C:\Users\moham\Desktop\objcppcs\Scala_EPFDL\ScalaReactiveProgramming\protocols\protocols\src\test\scala\protocols\TransactorSpec.scala
2022.06.26 14:10:06 WARN  no build target for: C:\Users\moham\Desktop\objcppcs\Scala_EPFDL\ScalaReactiveProgramming\protocols\protocols\src\main\scala\protocols\Transactor.scala
2022.06.26 14:10:43 WARN  no build target for: C:\Users\moham\Desktop\objcppcs\Scala_EPFDL\ScalaReactiveProgramming\protocols\protocols\src\main\scala\protocols\Transactor.scala
2022.06.26 14:11:03 WARN  no build target for: C:\Users\moham\Desktop\objcppcs\Scala_EPFDL\ScalaReactiveProgramming\protocols\protocols\src\main\scala\protocols\Transactor.scala
2022.06.26 14:11:59 WARN  no build target for: C:\Users\moham\Desktop\objcppcs\Scala_EPFDL\ScalaReactiveProgramming\protocols\protocols\src\test\scala\protocols\TransactorSpec.scala
2022.06.26 15:24:38 WARN  no build target for: C:\Users\moham\Desktop\objcppcs\Scala_EPFDL\ScalaReactiveProgramming\protocols\protocols\src\test\scala\protocols\TransactorSpec.scala
2022.06.26 15:26:17 WARN  no build target for: C:\Users\moham\Desktop\objcppcs\Scala_EPFDL\ScalaReactiveProgramming\protocols\protocols\src\main\scala\protocols\Transactor.scala
2022.06.26 15:28:19 WARN  no build target for: C:\Users\moham\Desktop\objcppcs\Scala_EPFDL\ScalaReactiveProgramming\protocols\protocols\src\main\scala\protocols\Transactor.scala
2022.06.26 15:34:16 WARN  no build target for: C:\Users\moham\Desktop\objcppcs\Scala_EPFDL\ScalaReactiveProgramming\protocols\protocols\src\test\scala\protocols\TransactorSpec.scala
2022.06.26 15:37:20 WARN  no build target for: C:\Users\moham\Desktop\objcppcs\Scala_EPFDL\ScalaReactiveProgramming\protocols\protocols\src\test\scala\protocols\TransactorSpec.scala
2022.06.26 15:37:56 WARN  no build target for: C:\Users\moham\Desktop\objcppcs\Scala_EPFDL\ScalaReactiveProgramming\protocols\protocols\src\test\scala\protocols\TransactorSpec.scala
2022.06.26 15:42:26 WARN  no build target for: C:\Users\moham\Desktop\objcppcs\Scala_EPFDL\ScalaReactiveProgramming\protocols\protocols\src\test\scala\protocols\TransactorSpec.scala
2022.06.26 15:44:06 WARN  no build target for: C:\Users\moham\Desktop\objcppcs\Scala_EPFDL\ScalaReactiveProgramming\protocols\protocols\src\main\scala\protocols\Transactor.scala
2022.06.26 15:45:42 WARN  no build target for: C:\Users\moham\Desktop\objcppcs\Scala_EPFDL\ScalaReactiveProgramming\protocols\protocols\src\main\scala\protocols\Transactor.scala
2022.06.26 15:53:07 WARN  no build target for: C:\Users\moham\Desktop\objcppcs\Scala_EPFDL\ScalaReactiveProgramming\protocols\protocols\src\main\scala\protocols\Transactor.scala
2022.06.26 15:53:32 WARN  no build target for: C:\Users\moham\Desktop\objcppcs\Scala_EPFDL\ScalaReactiveProgramming\protocols\protocols\src\main\scala\protocols\Transactor.scala
2022.06.26 15:56:26 WARN  no build target for: C:\Users\moham\Desktop\objcppcs\Scala_EPFDL\ScalaReactiveProgramming\protocols\protocols\src\main\scala\protocols\Transactor.scala
2022.06.26 15:56:40 WARN  no build target for: C:\Users\moham\Desktop\objcppcs\Scala_EPFDL\ScalaReactiveProgramming\protocols\protocols\src\test\scala\protocols\TransactorSpec.scala
2022.06.26 15:58:22 WARN  no build target for: C:\Users\moham\Desktop\objcppcs\Scala_EPFDL\ScalaReactiveProgramming\protocols\protocols\src\main\scala\protocols\Transactor.scala
2022.06.26 15:58:41 WARN  no build target for: C:\Users\moham\Desktop\objcppcs\Scala_EPFDL\ScalaReactiveProgramming\protocols\protocols\src\main\scala\protocols\Transactor.scala
2022.06.26 15:58:50 WARN  no build target for: C:\Users\moham\Desktop\objcppcs\Scala_EPFDL\ScalaReactiveProgramming\protocols\protocols\src\main\scala\protocols\Transactor.scala
2022.06.26 15:59:37 WARN  no build target for: C:\Users\moham\Desktop\objcppcs\Scala_EPFDL\ScalaReactiveProgramming\protocols\protocols\src\main\scala\protocols\Transactor.scala
Jun 26, 2022 3:59:49 PM org.eclipse.lsp4j.jsonrpc.RemoteEndpoint handleCancellation
WARNING: Unmatched cancel notification for request id 9916
2022.06.26 16:00:00 WARN  no build target for: C:\Users\moham\Desktop\objcppcs\Scala_EPFDL\ScalaReactiveProgramming\protocols\protocols\src\test\scala\protocols\TransactorSpec.scala
2022.06.26 16:00:20 WARN  no build target for: C:\Users\moham\Desktop\objcppcs\Scala_EPFDL\ScalaReactiveProgramming\protocols\protocols\src\main\scala\protocols\Transactor.scala
2022.06.26 16:00:34 WARN  no build target for: C:\Users\moham\Desktop\objcppcs\Scala_EPFDL\ScalaReactiveProgramming\protocols\protocols\src\test\scala\protocols\TransactorSpec.scala
2022.06.26 16:04:47 WARN  no build target for: C:\Users\moham\Desktop\objcppcs\Scala_EPFDL\ScalaReactiveProgramming\protocols\protocols\src\main\scala\protocols\Transactor.scala
2022.06.26 16:04:52 WARN  no build target for: C:\Users\moham\Desktop\objcppcs\Scala_EPFDL\ScalaReactiveProgramming\protocols\protocols\src\test\scala\protocols\TransactorSpec.scala
2022.06.26 16:05:08 WARN  no build target for: C:\Users\moham\Desktop\objcppcs\Scala_EPFDL\ScalaReactiveProgramming\protocols\protocols\src\main\scala\protocols\Transactor.scala
2022.06.26 16:12:49 WARN  no build target for: C:\Users\moham\Desktop\objcppcs\Scala_EPFDL\ScalaReactiveProgramming\protocols\protocols\src\main\scala\protocols\Transactor.scala
2022.06.26 16:13:23 WARN  no build target for: C:\Users\moham\Desktop\objcppcs\Scala_EPFDL\ScalaReactiveProgramming\protocols\protocols\src\main\scala\protocols\Transactor.scala
2022.06.26 16:13:43 WARN  no build target for: C:\Users\moham\Desktop\objcppcs\Scala_EPFDL\ScalaReactiveProgramming\protocols\protocols\src\main\scala\protocols\Transactor.scala
2022.06.26 16:13:54 WARN  no build target for: C:\Users\moham\Desktop\objcppcs\Scala_EPFDL\ScalaReactiveProgramming\protocols\protocols\src\main\scala\protocols\Transactor.scala
2022.06.26 16:14:06 WARN  no build target for: C:\Users\moham\Desktop\objcppcs\Scala_EPFDL\ScalaReactiveProgramming\protocols\protocols\src\test\scala\protocols\TransactorSpec.scala
2022.06.26 16:14:23 WARN  no build target for: C:\Users\moham\Desktop\objcppcs\Scala_EPFDL\ScalaReactiveProgramming\protocols\protocols\src\main\scala\protocols\Transactor.scala
2022.06.26 16:23:53 WARN  no build target for: C:\Users\moham\Desktop\objcppcs\Scala_EPFDL\ScalaReactiveProgramming\protocols\protocols\src\test\scala\protocols\TransactorSpec.scala
2022.06.26 16:24:10 WARN  no build target for: C:\Users\moham\Desktop\objcppcs\Scala_EPFDL\ScalaReactiveProgramming\protocols\protocols\src\test\scala\protocols\TransactorSpec.scala
2022.06.26 16:24:47 WARN  no build target for: C:\Users\moham\Desktop\objcppcs\Scala_EPFDL\ScalaReactiveProgramming\protocols\protocols\src\test\scala\protocols\TransactorSpec.scala
2022.06.26 16:27:53 WARN  no build target for: C:\Users\moham\Desktop\objcppcs\Scala_EPFDL\ScalaReactiveProgramming\protocols\protocols\src\main\scala\protocols\Transactor.scala
2022.06.26 16:28:02 WARN  no build target for: C:\Users\moham\Desktop\objcppcs\Scala_EPFDL\ScalaReactiveProgramming\protocols\protocols\src\main\scala\protocols\Transactor.scala
2022.06.26 16:30:00 WARN  no build target for: C:\Users\moham\Desktop\objcppcs\Scala_EPFDL\ScalaReactiveProgramming\protocols\protocols\src\main\scala\protocols\Transactor.scala
2022.06.26 16:30:26 WARN  no build target for: C:\Users\moham\Desktop\objcppcs\Scala_EPFDL\ScalaReactiveProgramming\protocols\protocols\src\main\scala\protocols\Transactor.scala
2022.06.26 16:31:11 WARN  no build target for: C:\Users\moham\Desktop\objcppcs\Scala_EPFDL\ScalaReactiveProgramming\protocols\protocols\src\main\scala\protocols\Transactor.scala
2022.06.26 16:37:40 WARN  no build target for: C:\Users\moham\Desktop\objcppcs\Scala_EPFDL\ScalaReactiveProgramming\protocols\protocols\src\main\scala\protocols\Transactor.scala
2022.06.26 16:37:47 WARN  no build target for: C:\Users\moham\Desktop\objcppcs\Scala_EPFDL\ScalaReactiveProgramming\protocols\protocols\src\test\scala\protocols\TransactorSpec.scala
2022.06.26 16:39:11 WARN  no build target for: C:\Users\moham\Desktop\objcppcs\Scala_EPFDL\ScalaReactiveProgramming\protocols\protocols\src\test\scala\protocols\TransactorSpec.scala
2022.06.26 16:41:24 WARN  no build target for: C:\Users\moham\Desktop\objcppcs\Scala_EPFDL\ScalaReactiveProgramming\protocols\protocols\src\test\scala\protocols\TransactorSpec.scala
2022.06.26 16:43:18 WARN  no build target for: C:\Users\moham\Desktop\objcppcs\Scala_EPFDL\ScalaReactiveProgramming\protocols\protocols\src\test\scala\protocols\TransactorSpec.scala
2022.06.26 16:43:44 WARN  no build target for: C:\Users\moham\Desktop\objcppcs\Scala_EPFDL\ScalaReactiveProgramming\protocols\protocols\src\main\scala\protocols\Transactor.scala
2022.06.26 16:44:17 WARN  no build target for: C:\Users\moham\Desktop\objcppcs\Scala_EPFDL\ScalaReactiveProgramming\protocols\protocols\src\test\scala\protocols\ProtocolsSuite.scala
2022.06.26 16:46:07 WARN  no build target for: C:\Users\moham\Desktop\objcppcs\Scala_EPFDL\ScalaReactiveProgramming\protocols\protocols\src\main\scala\protocols\Transactor.scala
2022.06.26 22:10:02 WARN  no build target for: C:\Users\moham\Desktop\objcppcs\Scala_EPFDL\ScalaReactiveProgramming\protocols\protocols\src\main\scala\protocols\SelectiveReceive.scala
2022.06.26 23:33:12 INFO  shutting down Metals
2022.06.28 23:05:20 INFO  tracing is disabled for protocol LSP, to enable tracing of incoming and outgoing JSON messages create an empty file at c:\Users\moham\Desktop\objcppcs\Scala_EPFDL\ScalaReactiveProgramming\protocols\.metals\lsp.trace.json or C:\Users\moham\AppData\Local\scalameta\metals\cache\lsp.trace.json
2022.06.28 23:05:24 INFO  logging to file C:\Users\moham\Desktop\objcppcs\Scala_EPFDL\ScalaReactiveProgramming\protocols\.metals\metals.log
2022.06.28 23:05:24 INFO  Started: Metals version 0.11.6 in workspace 'C:\Users\moham\Desktop\objcppcs\Scala_EPFDL\ScalaReactiveProgramming\protocols' for client Visual Studio Code 1.66.2.
2022.06.28 23:05:25 INFO  time: initialize in 1.45s
2022.06.28 23:05:26 WARN  Flyway upgrade recommended: H2 2.1.212 is newer than this version of Flyway and support has not been tested. The latest supported version of H2 is 2.1.210.
2022.06.28 23:05:26 WARN  Build server is not auto-connectable.
2022.06.28 23:05:26 WARN  no build tool detected in workspace 'C:\Users\moham\Desktop\objcppcs\Scala_EPFDL\ScalaReactiveProgramming\protocols'. The most common cause for this problem is that the editor was opened in the wrong working directory, for example if you use sbt then the workspace directory should contain build.sbt. 
2022.06.28 23:05:29 WARN  no build target for: C:\Users\moham\Desktop\objcppcs\Scala_EPFDL\ScalaReactiveProgramming\protocols\protocols\src\main\scala\protocols\Transactor.scala
2022.06.28 23:05:45 INFO  no build target found for C:\Users\moham\Desktop\objcppcs\Scala_EPFDL\ScalaReactiveProgramming\protocols\protocols\src\main\scala\protocols\Transactor.scala. Using presentation compiler with project's scala-library version: 3.1.2
2022.06.28 23:05:49 INFO  time: code lens generation in 19s
2022.06.29 00:34:39 INFO  shutting down Metals
2022.07.06 18:19:25 INFO  tracing is disabled for protocol LSP, to enable tracing of incoming and outgoing JSON messages create an empty file at c:\Users\moham\Desktop\objcppcs\Scala_EPFDL\ScalaReactiveProgramming\protocols\.metals\lsp.trace.json or C:\Users\moham\AppData\Local\scalameta\metals\cache\lsp.trace.json
2022.07.06 18:19:27 INFO  logging to file C:\Users\moham\Desktop\objcppcs\Scala_EPFDL\ScalaReactiveProgramming\protocols\.metals\metals.log
2022.07.06 18:19:27 INFO  Started: Metals version 0.11.7 in workspace 'C:\Users\moham\Desktop\objcppcs\Scala_EPFDL\ScalaReactiveProgramming\protocols' for client Visual Studio Code 1.66.2.
2022.07.06 18:19:28 INFO  time: initialize in 1.17s
2022.07.06 18:19:28 WARN  Flyway upgrade recommended: H2 2.1.214 is newer than this version of Flyway and support has not been tested. The latest supported version of H2 is 2.1.210.
2022.07.06 18:19:29 WARN  Build server is not auto-connectable.
2022.07.06 18:19:29 WARN  no build tool detected in workspace 'C:\Users\moham\Desktop\objcppcs\Scala_EPFDL\ScalaReactiveProgramming\protocols'. The most common cause for this problem is that the editor was opened in the wrong working directory, for example if you use sbt then the workspace directory should contain build.sbt. 
2022.07.06 18:19:32 WARN  no build target for: C:\Users\moham\Desktop\objcppcs\Scala_EPFDL\ScalaReactiveProgramming\protocols\protocols\src\main\scala\protocols\Transactor.scala
2022.07.06 18:19:52 INFO  no build target found for C:\Users\moham\Desktop\objcppcs\Scala_EPFDL\ScalaReactiveProgramming\protocols\protocols\src\main\scala\protocols\Transactor.scala. Using presentation compiler with project's scala-library version: 3.1.3
2022.07.06 18:19:56 INFO  time: code lens generation in 24s
2022.07.07 06:02:26 INFO  shutting down Metals
