2022.06.28 23:08:12 INFO  tracing is disabled for protocol LSP, to enable tracing of incoming and outgoing JSON messages create an empty file at c:\Users\moham\Desktop\objcppcs\Scala_EPFDL\ScalaReactiveProgramming\streaming\.metals\lsp.trace.json or C:\Users\moham\AppData\Local\scalameta\metals\cache\lsp.trace.json
2022.06.28 23:08:13 INFO  logging to file C:\Users\moham\Desktop\objcppcs\Scala_EPFDL\ScalaReactiveProgramming\streaming\.metals\metals.log
2022.06.28 23:08:13 INFO  Started: Metals version 0.11.6 in workspace 'C:\Users\moham\Desktop\objcppcs\Scala_EPFDL\ScalaReactiveProgramming\streaming' for client Visual Studio Code 1.66.2.
2022.06.28 23:08:14 INFO  time: initialize in 1.16s
2022.06.28 23:08:15 WARN  Flyway upgrade recommended: H2 2.1.212 is newer than this version of Flyway and support has not been tested. The latest supported version of H2 is 2.1.210.
2022.06.28 23:08:15 WARN  Build server is not auto-connectable.
2022.06.28 23:08:15 WARN  no build tool detected in workspace 'C:\Users\moham\Desktop\objcppcs\Scala_EPFDL\ScalaReactiveProgramming\streaming'. The most common cause for this problem is that the editor was opened in the wrong working directory, for example if you use sbt then the workspace directory should contain build.sbt. 
2022.06.28 23:08:17 WARN  no build target for: C:\Users\moham\Desktop\objcppcs\Scala_EPFDL\ScalaReactiveProgramming\streaming\streaming\src\main\scala\streaming\ExtraStreamOps.scala
2022.06.28 23:08:21 INFO  no build target found for C:\Users\moham\Desktop\objcppcs\Scala_EPFDL\ScalaReactiveProgramming\streaming\streaming\src\main\scala\streaming\ExtraStreamOps.scala. Using presentation compiler with project's scala-library version: 3.1.2
2022.06.28 23:08:24 INFO  time: code lens generation in 5.46s
2022.06.28 23:08:44 WARN  no build target for: C:\Users\moham\Desktop\objcppcs\Scala_EPFDL\ScalaReactiveProgramming\streaming\streaming\src\main\scala\streaming\SimpleStreaming.scala
2022.06.28 23:08:53 WARN  no build target for: C:\Users\moham\Desktop\objcppcs\Scala_EPFDL\ScalaReactiveProgramming\streaming\streaming\src\main\scala\streaming\SimpleStreamingInterface.scala
2022.06.28 23:10:59 WARN  no build target for: C:\Users\moham\Desktop\objcppcs\Scala_EPFDL\ScalaReactiveProgramming\streaming\streaming\build.sbt
2022.06.28 23:11:21 WARN  no build target for: C:\Users\moham\Desktop\objcppcs\Scala_EPFDL\ScalaReactiveProgramming\streaming\streaming\src\test\scala\streaming\SimpleStreamingSuite.scala
2022.06.29 00:34:41 INFO  shutting down Metals
2022.07.01 20:37:45 INFO  tracing is disabled for protocol LSP, to enable tracing of incoming and outgoing JSON messages create an empty file at c:\Users\moham\Desktop\objcppcs\Scala_EPFDL\ScalaReactiveProgramming\streaming\.metals\lsp.trace.json or C:\Users\moham\AppData\Local\scalameta\metals\cache\lsp.trace.json
2022.07.01 20:37:51 INFO  logging to file C:\Users\moham\Desktop\objcppcs\Scala_EPFDL\ScalaReactiveProgramming\streaming\.metals\metals.log
2022.07.01 20:37:51 INFO  Started: Metals version 0.11.6 in workspace 'C:\Users\moham\Desktop\objcppcs\Scala_EPFDL\ScalaReactiveProgramming\streaming' for client Visual Studio Code 1.66.2.
2022.07.01 20:37:52 INFO  time: initialize in 1.26s
2022.07.01 20:37:53 WARN  Flyway upgrade recommended: H2 2.1.212 is newer than this version of Flyway and support has not been tested. The latest supported version of H2 is 2.1.210.
2022.07.01 20:37:54 WARN  Build server is not auto-connectable.
2022.07.01 20:37:54 WARN  no build tool detected in workspace 'C:\Users\moham\Desktop\objcppcs\Scala_EPFDL\ScalaReactiveProgramming\streaming'. The most common cause for this problem is that the editor was opened in the wrong working directory, for example if you use sbt then the workspace directory should contain build.sbt. 
2022.07.01 20:37:57 WARN  no build target for: C:\Users\moham\Desktop\objcppcs\Scala_EPFDL\ScalaReactiveProgramming\streaming\streaming\src\main\scala\streaming\SimpleStreaming.scala
2022.07.01 20:38:13 INFO  no build target found for C:\Users\moham\Desktop\objcppcs\Scala_EPFDL\ScalaReactiveProgramming\streaming\streaming\src\main\scala\streaming\SimpleStreaming.scala. Using presentation compiler with project's scala-library version: 3.1.2
2022.07.01 20:38:19 INFO  time: code lens generation in 21s
2022.07.02 13:24:02 WARN  no build target for: C:\Users\moham\Desktop\objcppcs\Scala_EPFDL\ScalaReactiveProgramming\streaming\streaming\src\main\scala\streaming\ExtraStreamOps.scala
2022.07.02 13:26:11 WARN  no build target for: C:\Users\moham\Desktop\objcppcs\Scala_EPFDL\ScalaReactiveProgramming\streaming\streaming\src\test\scala\streaming\SimpleStreamingSuite.scala
2022.07.02 13:26:12 WARN  no build target for: C:\Users\moham\Desktop\objcppcs\Scala_EPFDL\ScalaReactiveProgramming\streaming\streaming\src\main\scala\streaming\SimpleStreamingInterface.scala
2022.07.02 16:11:15 WARN  no build target for: C:\Users\moham\Desktop\objcppcs\Scala_EPFDL\ScalaReactiveProgramming\streaming\streaming\src\main\scala\streaming\SimpleStreaming.scala
2022.07.02 16:53:28 WARN  no build target for: C:\Users\moham\Desktop\objcppcs\Scala_EPFDL\ScalaReactiveProgramming\streaming\streaming\src\main\scala\streaming\SimpleStreaming.scala
2022.07.03 11:01:09 INFO  shutting down Metals
2022.07.04 22:07:41 INFO  tracing is disabled for protocol LSP, to enable tracing of incoming and outgoing JSON messages create an empty file at c:\Users\moham\Desktop\objcppcs\Scala_EPFDL\ScalaReactiveProgramming\streaming\.metals\lsp.trace.json or C:\Users\moham\AppData\Local\scalameta\metals\cache\lsp.trace.json
2022.07.04 22:07:45 INFO  logging to file C:\Users\moham\Desktop\objcppcs\Scala_EPFDL\ScalaReactiveProgramming\streaming\.metals\metals.log
2022.07.04 22:07:45 INFO  Started: Metals version 0.11.6 in workspace 'C:\Users\moham\Desktop\objcppcs\Scala_EPFDL\ScalaReactiveProgramming\streaming' for client Visual Studio Code 1.66.2.
2022.07.04 22:07:46 INFO  time: initialize in 1.61s
2022.07.04 22:07:47 WARN  Flyway upgrade recommended: H2 2.1.212 is newer than this version of Flyway and support has not been tested. The latest supported version of H2 is 2.1.210.
2022.07.04 22:07:48 WARN  Build server is not auto-connectable.
2022.07.04 22:07:48 WARN  no build tool detected in workspace 'C:\Users\moham\Desktop\objcppcs\Scala_EPFDL\ScalaReactiveProgramming\streaming'. The most common cause for this problem is that the editor was opened in the wrong working directory, for example if you use sbt then the workspace directory should contain build.sbt. 
2022.07.04 22:07:50 WARN  no build target for: C:\Users\moham\Desktop\objcppcs\Scala_EPFDL\ScalaReactiveProgramming\streaming\streaming\src\main\scala\streaming\SimpleStreaming.scala
2022.07.04 22:08:05 INFO  no build target found for C:\Users\moham\Desktop\objcppcs\Scala_EPFDL\ScalaReactiveProgramming\streaming\streaming\src\main\scala\streaming\SimpleStreaming.scala. Using presentation compiler with project's scala-library version: 3.1.2
2022.07.04 22:08:09 INFO  time: code lens generation in 17s
2022.07.07 06:02:27 INFO  shutting down Metals
2022.07.07 17:29:54 INFO  tracing is disabled for protocol LSP, to enable tracing of incoming and outgoing JSON messages create an empty file at c:\Users\moham\Desktop\objcppcs\Scala_EPFDL\ScalaReactiveProgramming\streaming\.metals\lsp.trace.json or C:\Users\moham\AppData\Local\scalameta\metals\cache\lsp.trace.json
2022.07.07 17:29:55 INFO  logging to file C:\Users\moham\Desktop\objcppcs\Scala_EPFDL\ScalaReactiveProgramming\streaming\.metals\metals.log
2022.07.07 17:29:55 INFO  Started: Metals version 0.11.7 in workspace 'C:\Users\moham\Desktop\objcppcs\Scala_EPFDL\ScalaReactiveProgramming\streaming' for client Visual Studio Code 1.66.2.
2022.07.07 17:29:56 INFO  time: initialize in 1.16s
2022.07.07 17:29:57 WARN  Flyway upgrade recommended: H2 2.1.214 is newer than this version of Flyway and support has not been tested. The latest supported version of H2 is 2.1.210.
2022.07.07 17:29:57 WARN  Build server is not auto-connectable.
2022.07.07 17:29:57 WARN  no build tool detected in workspace 'C:\Users\moham\Desktop\objcppcs\Scala_EPFDL\ScalaReactiveProgramming\streaming'. The most common cause for this problem is that the editor was opened in the wrong working directory, for example if you use sbt then the workspace directory should contain build.sbt. 
2022.07.07 17:29:59 WARN  no build target for: C:\Users\moham\Desktop\objcppcs\Scala_EPFDL\ScalaReactiveProgramming\streaming\streaming\src\main\scala\streaming\SimpleStreaming.scala
2022.07.07 17:30:03 INFO  no build target found for C:\Users\moham\Desktop\objcppcs\Scala_EPFDL\ScalaReactiveProgramming\streaming\streaming\src\main\scala\streaming\SimpleStreaming.scala. Using presentation compiler with project's scala-library version: 3.1.3
2022.07.07 17:30:06 INFO  time: code lens generation in 3.4s
2022.07.07 17:30:06 INFO  time: code lens generation in 5.89s
2022.07.09 13:01:14 INFO  shutting down Metals
2022.07.09 20:31:38 INFO  tracing is disabled for protocol LSP, to enable tracing of incoming and outgoing JSON messages create an empty file at c:\Users\moham\Desktop\objcppcs\Scala_EPFDL\ScalaReactiveProgramming\streaming\.metals\lsp.trace.json or C:\Users\moham\AppData\Local\scalameta\metals\cache\lsp.trace.json
2022.07.09 20:31:43 INFO  logging to file C:\Users\moham\Desktop\objcppcs\Scala_EPFDL\ScalaReactiveProgramming\streaming\.metals\metals.log
2022.07.09 20:31:43 INFO  Started: Metals version 0.11.7 in workspace 'C:\Users\moham\Desktop\objcppcs\Scala_EPFDL\ScalaReactiveProgramming\streaming' for client Visual Studio Code 1.66.2.
2022.07.09 20:31:44 INFO  time: initialize in 1.69s
2022.07.09 20:31:47 WARN  Flyway upgrade recommended: H2 2.1.214 is newer than this version of Flyway and support has not been tested. The latest supported version of H2 is 2.1.210.
2022.07.09 20:31:49 WARN  Build server is not auto-connectable.
2022.07.09 20:31:49 WARN  no build tool detected in workspace 'C:\Users\moham\Desktop\objcppcs\Scala_EPFDL\ScalaReactiveProgramming\streaming'. The most common cause for this problem is that the editor was opened in the wrong working directory, for example if you use sbt then the workspace directory should contain build.sbt. 
2022.07.09 20:31:52 WARN  no build target for: C:\Users\moham\Desktop\objcppcs\Scala_EPFDL\ScalaReactiveProgramming\streaming\streaming\src\main\scala\streaming\SimpleStreaming.scala
2022.07.09 20:32:16 INFO  no build target found for C:\Users\moham\Desktop\objcppcs\Scala_EPFDL\ScalaReactiveProgramming\streaming\streaming\src\main\scala\streaming\SimpleStreaming.scala. Using presentation compiler with project's scala-library version: 3.1.3
2022.07.09 20:32:20 INFO  shutting down Metals
2022.07.09 20:32:22 WARN  Flyway upgrade recommended: H2 2.1.214 is newer than this version of Flyway and support has not been tested. The latest supported version of H2 is 2.1.210.
2022.07.09 20:32:22 WARN  Flyway upgrade recommended: H2 2.1.214 is newer than this version of Flyway and support has not been tested. The latest supported version of H2 is 2.1.210.
2022.07.13 18:45:54 INFO  tracing is disabled for protocol LSP, to enable tracing of incoming and outgoing JSON messages create an empty file at c:\Users\moham\Desktop\objcppcs\Scala_EPFDL\ScalaReactiveProgramming\streaming\.metals\lsp.trace.json or C:\Users\moham\AppData\Local\scalameta\metals\cache\lsp.trace.json
2022.07.13 18:45:56 INFO  logging to file C:\Users\moham\Desktop\objcppcs\Scala_EPFDL\ScalaReactiveProgramming\streaming\.metals\metals.log
2022.07.13 18:45:56 INFO  Started: Metals version 0.11.7 in workspace 'C:\Users\moham\Desktop\objcppcs\Scala_EPFDL\ScalaReactiveProgramming\streaming' for client Visual Studio Code 1.66.2.
2022.07.13 18:45:58 INFO  time: initialize in 2.08s
2022.07.13 18:46:25 INFO  tracing is disabled for protocol LSP, to enable tracing of incoming and outgoing JSON messages create an empty file at c:\Users\moham\Desktop\objcppcs\Scala_EPFDL\ScalaReactiveProgramming\streaming\.metals\lsp.trace.json or C:\Users\moham\AppData\Local\scalameta\metals\cache\lsp.trace.json
2022.07.13 18:46:26 INFO  logging to file C:\Users\moham\Desktop\objcppcs\Scala_EPFDL\ScalaReactiveProgramming\streaming\.metals\metals.log
2022.07.13 18:46:26 INFO  Started: Metals version 0.11.7 in workspace 'C:\Users\moham\Desktop\objcppcs\Scala_EPFDL\ScalaReactiveProgramming\streaming' for client Visual Studio Code 1.66.2.
2022.07.13 18:46:28 INFO  time: initialize in 1.66s
2022.07.13 18:46:31 WARN  Flyway upgrade recommended: H2 2.1.214 is newer than this version of Flyway and support has not been tested. The latest supported version of H2 is 2.1.210.
2022.07.13 18:46:34 WARN  Build server is not auto-connectable.
2022.07.13 18:46:34 WARN  no build tool detected in workspace 'C:\Users\moham\Desktop\objcppcs\Scala_EPFDL\ScalaReactiveProgramming\streaming'. The most common cause for this problem is that the editor was opened in the wrong working directory, for example if you use sbt then the workspace directory should contain build.sbt. 
2022.07.16 11:21:10 INFO  tracing is disabled for protocol LSP, to enable tracing of incoming and outgoing JSON messages create an empty file at c:\Users\moham\Desktop\objcppcs\Scala_EPFDL\ProgrammingReactiveSystems\streaming\.metals\lsp.trace.json or C:\Users\moham\AppData\Local\scalameta\metals\cache\lsp.trace.json
2022.07.16 11:21:11 INFO  logging to file C:\Users\moham\Desktop\objcppcs\Scala_EPFDL\ProgrammingReactiveSystems\streaming\.metals\metals.log
2022.07.16 11:21:11 INFO  Started: Metals version 0.11.7 in workspace 'C:\Users\moham\Desktop\objcppcs\Scala_EPFDL\ProgrammingReactiveSystems\streaming' for client Visual Studio Code 1.66.2.
2022.07.16 11:21:12 INFO  time: initialize in 1.26s
2022.07.16 11:21:16 WARN  Flyway upgrade recommended: H2 2.1.214 is newer than this version of Flyway and support has not been tested. The latest supported version of H2 is 2.1.210.
2022.07.16 11:21:16 WARN  Build server is not auto-connectable.
2022.07.16 11:21:16 WARN  no build tool detected in workspace 'C:\Users\moham\Desktop\objcppcs\Scala_EPFDL\ProgrammingReactiveSystems\streaming'. The most common cause for this problem is that the editor was opened in the wrong working directory, for example if you use sbt then the workspace directory should contain build.sbt. 
2022.07.16 11:21:19 WARN  no build target for: C:\Users\moham\Desktop\objcppcs\Scala_EPFDL\ProgrammingReactiveSystems\streaming\streaming\src\main\scala\streaming\SimpleStreaming.scala
2022.07.16 11:21:22 INFO  no build target found for C:\Users\moham\Desktop\objcppcs\Scala_EPFDL\ProgrammingReactiveSystems\streaming\streaming\src\main\scala\streaming\SimpleStreaming.scala. Using presentation compiler with project's scala-library version: 3.1.3
2022.07.16 11:21:25 INFO  time: code lens generation in 4.88s
Jul 16, 2022 11:28:09 AM org.eclipse.lsp4j.jsonrpc.RemoteEndpoint handleCancellation
WARNING: Unmatched cancel notification for request id 263
2022.07.16 11:30:08 WARN  no build target for: C:\Users\moham\Desktop\objcppcs\Scala_EPFDL\ProgrammingReactiveSystems\streaming\streaming\src\main\scala\streaming\SimpleStreaming.scala
Jul 16, 2022 11:31:03 AM org.eclipse.lsp4j.jsonrpc.services.GenericEndpoint notify
INFO: Unsupported notification method: $/setTrace
2022.07.16 11:31:03 INFO  shutting down Metals
2022.07.16 11:31:09 INFO  tracing is disabled for protocol LSP, to enable tracing of incoming and outgoing JSON messages create an empty file at c:\Users\moham\Desktop\objcppcs\Scala_EPFDL\ProgrammingReactiveSystems\streaming\.metals\lsp.trace.json or C:\Users\moham\AppData\Local\scalameta\metals\cache\lsp.trace.json
2022.07.16 11:31:11 INFO  logging to file C:\Users\moham\Desktop\objcppcs\Scala_EPFDL\ProgrammingReactiveSystems\streaming\.metals\metals.log
2022.07.16 11:31:11 INFO  Started: Metals version 0.11.7 in workspace 'C:\Users\moham\Desktop\objcppcs\Scala_EPFDL\ProgrammingReactiveSystems\streaming' for client Visual Studio Code 1.66.2.
2022.07.16 11:31:12 INFO  time: initialize in 1.25s
2022.07.16 11:31:12 WARN  Flyway upgrade recommended: H2 2.1.214 is newer than this version of Flyway and support has not been tested. The latest supported version of H2 is 2.1.210.
2022.07.16 11:31:12 WARN  Build server is not auto-connectable.
2022.07.16 11:31:12 WARN  no build tool detected in workspace 'C:\Users\moham\Desktop\objcppcs\Scala_EPFDL\ProgrammingReactiveSystems\streaming'. The most common cause for this problem is that the editor was opened in the wrong working directory, for example if you use sbt then the workspace directory should contain build.sbt. 
2022.07.16 11:31:15 WARN  no build target for: C:\Users\moham\Desktop\objcppcs\Scala_EPFDL\ProgrammingReactiveSystems\streaming\streaming\src\main\scala\streaming\SimpleStreaming.scala
2022.07.16 11:31:18 INFO  no build target found for C:\Users\moham\Desktop\objcppcs\Scala_EPFDL\ProgrammingReactiveSystems\streaming\streaming\src\main\scala\streaming\SimpleStreaming.scala. Using presentation compiler with project's scala-library version: 3.1.3
2022.07.16 11:31:20 WARN  no build target for: C:\Users\moham\Desktop\objcppcs\Scala_EPFDL\ProgrammingReactiveSystems\followers\followers\src\main\scala\followers\Server.scala
2022.07.16 11:31:21 INFO  time: code lens generation in 3.35s
2022.07.16 11:31:21 INFO  time: code lens generation in 6.27s
2022.07.16 11:35:38 WARN  no build target for: C:\Users\moham\Desktop\objcppcs\Scala_EPFDL\ProgrammingReactiveSystems\followers\followers\src\main\scala\followers\Server.scala
2022.07.16 11:38:28 WARN  no build target for: C:\Users\moham\Desktop\objcppcs\Scala_EPFDL\ProgrammingReactiveSystems\followers\followers\src\main\scala\followers\Server.scala
2022.07.16 11:38:36 WARN  no build target for: C:\Users\moham\Desktop\objcppcs\Scala_EPFDL\ProgrammingReactiveSystems\followers\followers\src\main\scala\followers\model\Event.scala
2022.07.16 12:56:33 INFO  shutting down Metals
